[FATAL] 2024-01-30 14:17:02.158 [main] google - Fatal msg
[ERROR] 2024-01-30 14:17:02.159 [main] google - error msg
[INFO ] 2024-01-30 14:17:02.159 [main] google - info msg
[INFO ] 2024-02-01 16:44:18.764 [main] LoginPage - LinkedIn Login Successful
[INFO ] 2024-02-01 16:44:18.926 [main] LoginPage - Login with user: Surabhi Jaiswal successful
[INFO ] 2024-02-01 21:49:50.481 [main] LoginPage - LinkedIn Login Successful
[INFO ] 2024-02-01 21:49:50.632 [main] LoginPage - Login with user: Surabhi Jaiswal successful
[INFO ] 2024-02-02 16:54:58.612 [main] LoginPage - LinkedIn Login Successful
[INFO ] 2024-02-02 16:54:58.773 [main] LoginPage - Login with user: Surabhi Jaiswal successful
[INFO ] 2024-02-02 21:41:40.531 [main] LoginPage - LinkedIn Login Successful
[INFO ] 2024-02-02 21:41:40.709 [main] LoginPage - Login with user: Surabhi Jaiswal successful
[INFO ] 2024-02-02 21:42:32.489 [main] LoginPage - LinkedIn Login Successful
[INFO ] 2024-02-02 21:42:32.693 [main] LoginPage - Login with user: Surabhi Jaiswal successful
[INFO ] 2024-02-02 21:51:21.353 [main] LoginPage - LinkedIn Login Successful
[INFO ] 2024-02-02 21:51:21.508 [main] LoginPage - Login with user: Surabhi Jaiswal successful
[INFO ] 2024-02-02 21:56:04.196 [main] LoginPage - LinkedIn Login Successful
[INFO ] 2024-02-02 21:56:04.301 [main] LoginPage - Login with user: Surabhi Jaiswal successful
[INFO ] 2024-02-02 21:57:29.872 [main] LoginPage - LinkedIn Login Successful
[INFO ] 2024-02-02 21:57:30.048 [main] LoginPage - Login with user: Surabhi Jaiswal successful
[INFO ] 2024-02-16 15:04:14.716 [main] LoginPage - LinkedIn Login Successful
[INFO ] 2024-02-16 15:04:14.888 [main] LoginPage - Login with user: Surabhi Jaiswal successful
[INFO ] 2024-02-16 15:08:47.727 [main] LoginPage - LinkedIn Login Successful
[INFO ] 2024-02-16 15:08:47.865 [main] LoginPage - Login with user: Surabhi Jaiswal successful
[INFO ] 2024-02-16 15:15:05.521 [main] LoginPage - LinkedIn Login Successful
[INFO ] 2024-02-16 15:15:05.687 [main] LoginPage - Login with user: Surabhi Jaiswal successful
[INFO ] 2024-02-16 15:17:19.634 [main] LoginPage - LinkedIn Login Successful
[INFO ] 2024-02-16 15:17:19.794 [main] LoginPage - Login with user: Surabhi Jaiswal successful
[INFO ] 2024-02-16 15:20:24.891 [main] LoginPage - LinkedIn Login Successful
[INFO ] 2024-02-16 15:20:25.092 [main] LoginPage - Login with user: Surabhi Jaiswal successful
[INFO ] 2024-02-16 15:28:14.879 [main] LoginPage - LinkedIn Login Successful
[INFO ] 2024-02-16 15:28:15.114 [main] LoginPage - Login with user: Surabhi Jaiswal successful
[INFO ] 2024-02-16 15:29:40.133 [main] LoginPage - LinkedIn Login Successful
[INFO ] 2024-02-16 15:29:40.580 [main] LoginPage - Login with user: Surabhi Jaiswal successful
[INFO ] 2024-02-16 15:58:41.440 [main] LoginPage - LinkedIn Login Successful
[INFO ] 2024-02-16 15:58:41.735 [main] LoginPage - Login with user: Surabhi Jaiswal successful
[INFO ] 2024-02-16 16:07:44.279 [main] LoginPage - LinkedIn Login Successful
[INFO ] 2024-02-16 16:07:44.407 [main] LoginPage - Login with user: Surabhi Jaiswal successful
[INFO ] 2024-02-16 16:07:47.620 [main] JobApplicationSettingsPage - Application Settings Page Navigation Successful
[INFO ] 2024-02-16 16:07:50.697 [main] JobApplicationSettingsPage - Clicking on Upload Resume Successful
[INFO ] 2024-02-16 16:07:50.774 [main] JobApplicationSettingsPage - Resume upload Successful
[INFO ] 2024-02-16 16:08:56.082 [main] LoginPage - LinkedIn Login Successful
[INFO ] 2024-02-16 16:08:57.196 [main] LoginPage - Login with user: Surabhi Jaiswal successful
[INFO ] 2024-02-16 16:09:00.878 [main] JobApplicationSettingsPage - Application Settings Page Navigation Successful
[INFO ] 2024-02-16 16:12:24.913 [main] LoginPage - LinkedIn Login Successful
[INFO ] 2024-02-16 16:12:25.139 [main] LoginPage - Login with user: Surabhi Jaiswal successful
[INFO ] 2024-02-16 16:12:28.465 [main] JobApplicationSettingsPage - Application Settings Page Navigation Successful
[INFO ] 2024-02-16 16:20:47.763 [main] LoginPage - LinkedIn Login Successful
[INFO ] 2024-02-16 16:20:47.978 [main] LoginPage - Login with user: Surabhi Jaiswal successful
[INFO ] 2024-02-16 16:20:51.256 [main] JobApplicationSettingsPage - Application Settings Page Navigation Successful
[INFO ] 2024-02-16 16:21:38.213 [main] LoginPage - LinkedIn Login Successful
[INFO ] 2024-02-16 16:21:38.343 [main] LoginPage - Login with user: Surabhi Jaiswal successful
[INFO ] 2024-02-16 16:21:41.630 [main] JobApplicationSettingsPage - Application Settings Page Navigation Successful
[INFO ] 2024-02-16 16:21:44.704 [main] JobApplicationSettingsPage - Resume upload Successful
[INFO ] 2024-02-16 16:22:52.198 [main] LoginPage - LinkedIn Login Successful
[INFO ] 2024-02-16 16:22:52.403 [main] LoginPage - Login with user: Surabhi Jaiswal successful
[INFO ] 2024-02-16 16:22:55.701 [main] JobApplicationSettingsPage - Application Settings Page Navigation Successful
[INFO ] 2024-02-16 16:22:58.796 [main] JobApplicationSettingsPage - Resume upload Successful
[INFO ] 2024-02-16 20:01:17.746 [main] LoginPage - LinkedIn Login Successful
[INFO ] 2024-02-16 20:01:17.894 [main] LoginPage - Login with user: Surabhi Jaiswal successful
[INFO ] 2024-02-16 20:01:21.091 [main] JobApplicationSettingsPage - Application Settings Page Navigation Successful
[INFO ] 2024-02-16 20:01:24.141 [main] JobApplicationSettingsPage - Resume upload Successful
[INFO ] 2024-02-16 20:02:47.583 [main] LoginPage - LinkedIn Login Successful
[INFO ] 2024-02-16 20:02:47.767 [main] LoginPage - Login with user: Surabhi Jaiswal successful
[INFO ] 2024-02-16 20:02:51.024 [main] JobApplicationSettingsPage - Application Settings Page Navigation Successful
[INFO ] 2024-02-16 20:02:54.074 [main] JobApplicationSettingsPage - Resume upload Successful
[INFO ] 2024-02-16 20:08:28.670 [main] LoginPage - LinkedIn Login Successful
[INFO ] 2024-02-16 20:08:28.786 [main] LoginPage - Login with user: Surabhi Jaiswal successful
[INFO ] 2024-02-16 20:08:31.966 [main] JobApplicationSettingsPage - Application Settings Page Navigation Successful
[INFO ] 2024-02-16 20:08:35.037 [main] JobApplicationSettingsPage - Resume upload Successful
[INFO ] 2024-02-16 20:10:52.634 [main] LoginPage - LinkedIn Login Successful
[INFO ] 2024-02-16 20:10:52.804 [main] LoginPage - Login with user: Surabhi Jaiswal successful
[INFO ] 2024-02-16 20:10:56.038 [main] JobApplicationSettingsPage - Application Settings Page Navigation Successful
[INFO ] 2024-02-16 20:10:59.106 [main] JobApplicationSettingsPage - Resume upload Successful
[INFO ] 2024-02-16 20:12:17.543 [main] LoginPage - LinkedIn Login Successful
[INFO ] 2024-02-16 20:12:17.747 [main] LoginPage - Login with user: Surabhi Jaiswal successful
[INFO ] 2024-02-16 20:12:21.068 [main] JobApplicationSettingsPage - Application Settings Page Navigation Successful
[INFO ] 2024-02-16 20:12:24.129 [main] JobApplicationSettingsPage - Resume upload Successful
[INFO ] 2024-02-16 20:14:13.558 [main] LoginPage - LinkedIn Login Successful
[INFO ] 2024-02-16 20:14:13.678 [main] LoginPage - Login with user: Surabhi Jaiswal successful
[INFO ] 2024-02-16 20:14:16.924 [main] JobApplicationSettingsPage - Application Settings Page Navigation Successful
[INFO ] 2024-02-16 20:14:19.968 [main] JobApplicationSettingsPage - Resume upload Successful
[INFO ] 2024-02-16 20:25:36.930 [main] LoginPage - LinkedIn Login Successful
[INFO ] 2024-02-16 20:25:37.063 [main] LoginPage - Login with user: Surabhi Jaiswal successful
[INFO ] 2024-02-16 20:25:40.455 [main] JobApplicationSettingsPage - Application Settings Page Navigation Successful
[INFO ] 2024-02-16 20:25:43.531 [main] JobApplicationSettingsPage - Resume upload Successful
[INFO ] 2024-02-16 20:27:08.728 [main] LoginPage - LinkedIn Login Successful
[INFO ] 2024-02-16 20:27:08.846 [main] LoginPage - Login with user: Surabhi Jaiswal successful
[INFO ] 2024-02-16 20:27:12.105 [main] JobApplicationSettingsPage - Application Settings Page Navigation Successful
[INFO ] 2024-02-16 20:27:15.166 [main] JobApplicationSettingsPage - Resume upload Successful
[INFO ] 2024-02-16 20:32:50.282 [main] LoginPage - LinkedIn Login Successful
[INFO ] 2024-02-16 20:32:50.400 [main] LoginPage - Login with user: Surabhi Jaiswal successful
[INFO ] 2024-02-16 20:32:53.802 [main] JobApplicationSettingsPage - Application Settings Page Navigation Successful
[INFO ] 2024-02-16 20:37:38.772 [main] LoginPage - LinkedIn Login Successful
[INFO ] 2024-02-16 20:37:38.877 [main] LoginPage - Login with user: Surabhi Jaiswal successful
[INFO ] 2024-02-16 20:37:42.103 [main] JobApplicationSettingsPage - Application Settings Page Navigation Successful
[INFO ] 2024-02-16 20:40:23.137 [main] LoginPage - LinkedIn Login Successful
[INFO ] 2024-02-16 20:40:23.266 [main] LoginPage - Login with user: Surabhi Jaiswal successful
[INFO ] 2024-02-16 20:40:26.484 [main] JobApplicationSettingsPage - Application Settings Page Navigation Successful
[INFO ] 2024-02-16 20:42:38.864 [main] LoginPage - LinkedIn Login Successful
[INFO ] 2024-02-16 20:42:38.997 [main] LoginPage - Login with user: Surabhi Jaiswal successful
[INFO ] 2024-02-16 20:42:42.231 [main] JobApplicationSettingsPage - Application Settings Page Navigation Successful
[INFO ] 2024-02-16 21:12:30.837 [main] LoginPage - LinkedIn Login Successful
[INFO ] 2024-02-16 21:12:30.964 [main] LoginPage - Login with user: Surabhi Jaiswal successful
[INFO ] 2024-02-16 21:12:34.232 [main] JobApplicationSettingsPage - Application Settings Page Navigation Successful
[INFO ] 2024-02-16 21:12:43.649 [main] JobApplicationSettingsPage - Resume upload Successful
[INFO ] 2024-02-16 21:14:51.647 [main] LoginPage - LinkedIn Login Successful
[INFO ] 2024-02-16 21:14:51.767 [main] LoginPage - Login with user: Surabhi Jaiswal successful
[INFO ] 2024-02-16 21:14:54.991 [main] JobApplicationSettingsPage - Application Settings Page Navigation Successful
[INFO ] 2024-02-16 21:15:04.408 [main] JobApplicationSettingsPage - Resume upload Successful
[INFO ] 2024-02-16 21:17:27.779 [main] LoginPage - LinkedIn Login Successful
[INFO ] 2024-02-16 21:17:27.939 [main] LoginPage - Login with user: Surabhi Jaiswal successful
[INFO ] 2024-02-16 21:17:31.256 [main] JobApplicationSettingsPage - Application Settings Page Navigation Successful
[INFO ] 2024-02-16 21:17:40.652 [main] JobApplicationSettingsPage - Resume upload Successful
[INFO ] 2024-02-16 21:17:46.763 [main] JobApplicationSettingsPage - Resume upload Successful
[INFO ] 2024-02-16 21:18:26.207 [main] LoginPage - LinkedIn Login Successful
[INFO ] 2024-02-16 21:18:26.320 [main] LoginPage - Login with user: Surabhi Jaiswal successful
[INFO ] 2024-02-16 21:18:29.562 [main] JobApplicationSettingsPage - Application Settings Page Navigation Successful
[INFO ] 2024-02-16 21:20:19.994 [main] LoginPage - LinkedIn Login Successful
[INFO ] 2024-02-16 21:20:20.097 [main] LoginPage - Login with user: Surabhi Jaiswal successful
[INFO ] 2024-02-16 21:20:23.405 [main] JobApplicationSettingsPage - Application Settings Page Navigation Successful
[INFO ] 2024-02-16 21:20:32.808 [main] JobApplicationSettingsPage - Resume upload Successful
[INFO ] 2024-02-16 21:20:38.999 [main] JobApplicationSettingsPage - Resume upload Successful
[INFO ] 2024-02-16 21:21:10.186 [main] LoginPage - LinkedIn Login Successful
[INFO ] 2024-02-16 21:21:10.298 [main] LoginPage - Login with user: Surabhi Jaiswal successful
[INFO ] 2024-02-16 21:21:13.591 [main] JobApplicationSettingsPage - Application Settings Page Navigation Successful
[INFO ] 2024-02-16 21:25:46.446 [main] LoginPage - LinkedIn Login Successful
[INFO ] 2024-02-16 21:25:46.559 [main] LoginPage - Login with user: Surabhi Jaiswal successful
[INFO ] 2024-02-16 21:25:49.780 [main] JobApplicationSettingsPage - Application Settings Page Navigation Successful
[INFO ] 2024-02-16 21:25:52.840 [main] JobApplicationSettingsPage - Resume upload Successful
[INFO ] 2024-02-16 21:25:58.962 [main] JobApplicationSettingsPage - Resume upload Successful
[INFO ] 2024-02-16 21:26:48.793 [main] LoginPage - LinkedIn Login Successful
[INFO ] 2024-02-16 21:26:48.921 [main] LoginPage - Login with user: Surabhi Jaiswal successful
[INFO ] 2024-02-16 21:26:52.195 [main] JobApplicationSettingsPage - Application Settings Page Navigation Successful
[INFO ] 2024-02-16 21:26:55.270 [main] JobApplicationSettingsPage - Resume upload Successful
[INFO ] 2024-02-16 21:27:01.361 [main] JobApplicationSettingsPage - Resume upload Successful
[INFO ] 2024-02-16 21:27:07.436 [main] JobApplicationSettingsPage - Resume upload Successful
[INFO ] 2024-02-16 21:27:13.517 [main] JobApplicationSettingsPage - Resume upload Successful
[INFO ] 2024-02-16 21:27:19.606 [main] JobApplicationSettingsPage - Resume upload Successful
[INFO ] 2024-02-16 21:27:25.718 [main] JobApplicationSettingsPage - Resume upload Successful
[INFO ] 2024-02-16 21:32:16.726 [main] LoginPage - LinkedIn Login Successful
[INFO ] 2024-02-16 21:35:06.258 [main] LoginPage - LinkedIn Login Successful
[INFO ] 2024-02-17 09:39:54.037 [main] LoginPage - LinkedIn Login Successful
[INFO ] 2024-02-18 22:23:21.383 [main] LoginPage - LinkedIn Login Successful
[INFO ] 2024-02-18 22:23:21.634 [main] LoginPage - Login with user: Surabhi Jaiswal successful
[INFO ] 2024-02-18 22:23:26.267 [main] JobApplicationSettingsPage - Application Settings Page Navigation Successful
[INFO ] 2024-02-18 22:23:57.965 [main] JobApplicationSettingsPage - Resume upload Successful
[INFO ] 2024-02-18 22:24:04.159 [main] JobApplicationSettingsPage - Resume upload Successful
[INFO ] 2024-02-18 22:24:10.326 [main] JobApplicationSettingsPage - Resume upload Successful
[INFO ] 2024-02-18 22:24:16.474 [main] JobApplicationSettingsPage - Resume upload Successful
[INFO ] 2024-02-18 22:24:22.592 [main] JobApplicationSettingsPage - Resume upload Successful
[INFO ] 2024-02-18 22:24:28.681 [main] JobApplicationSettingsPage - Resume upload Successful
[INFO ] 2024-02-18 22:26:26.489 [main] LoginPage - LinkedIn Login Successful
[INFO ] 2024-02-18 22:26:26.638 [main] LoginPage - Login with user: Surabhi Jaiswal successful
[INFO ] 2024-02-18 22:26:30.063 [main] JobApplicationSettingsPage - Application Settings Page Navigation Successful
[INFO ] 2024-02-18 22:31:02.618 [main] LoginPage - LinkedIn Login Successful
[INFO ] 2024-02-18 22:31:02.801 [main] LoginPage - Login with user: Surabhi Jaiswal successful
[INFO ] 2024-02-18 22:31:06.120 [main] JobApplicationSettingsPage - Application Settings Page Navigation Successful
[INFO ] 2024-02-18 22:35:27.273 [main] JobApplicationSettingsPage - Resume upload Successful
[INFO ] 2024-02-18 22:35:33.600 [main] JobApplicationSettingsPage - Resume upload Successful
[INFO ] 2024-02-18 22:36:39.169 [main] LoginPage - LinkedIn Login Successful
[INFO ] 2024-02-18 22:36:39.550 [main] LoginPage - Login with user: Surabhi Jaiswal successful
[INFO ] 2024-02-18 22:38:49.162 [main] LoginPage - LinkedIn Login Successful
[INFO ] 2024-02-18 22:45:58.477 [main] LoginPage - LinkedIn Login Successful
[INFO ] 2024-02-18 22:45:58.707 [main] LoginPage - Login with user: Surabhi Jaiswal successful
[INFO ] 2024-02-18 22:46:02.304 [main] JobApplicationSettingsPage - Application Settings Page Navigation Successful
[INFO ] 2024-02-18 22:46:33.826 [main] JobApplicationSettingsPage - Resume upload Successful
[INFO ] 2024-02-18 22:46:39.969 [main] JobApplicationSettingsPage - Resume upload Successful
[INFO ] 2024-02-18 22:48:00.340 [main] LoginPage - LinkedIn Login Successful
[INFO ] 2024-02-18 22:48:46.143 [main] LoginPage - LinkedIn Login Successful
[INFO ] 2024-02-18 22:48:46.293 [main] LoginPage - Login with user: Surabhi Jaiswal successful
[INFO ] 2024-02-18 22:48:49.671 [main] JobApplicationSettingsPage - Application Settings Page Navigation Successful
[INFO ] 2024-02-18 22:50:25.101 [main] LoginPage - LinkedIn Login Successful
[INFO ] 2024-02-18 22:51:08.840 [main] LoginPage - LinkedIn Login Successful
[INFO ] 2024-02-18 22:51:08.965 [main] LoginPage - Login with user: Surabhi Jaiswal successful
[INFO ] 2024-02-18 22:51:12.357 [main] JobApplicationSettingsPage - Application Settings Page Navigation Successful
[INFO ] 2024-02-18 22:57:17.194 [main] LoginPage - LinkedIn Login Successful
[INFO ] 2024-02-18 22:57:17.322 [main] LoginPage - Login with user: Surabhi Jaiswal successful
[INFO ] 2024-02-18 22:57:20.777 [main] JobApplicationSettingsPage - Application Settings Page Navigation Successful
[INFO ] 2024-02-18 23:00:23.027 [main] JobApplicationSettingsPage - Resume upload Successful
[INFO ] 2024-02-18 23:00:29.136 [main] JobApplicationSettingsPage - Resume upload Successful
[INFO ] 2024-02-18 23:01:24.948 [main] LoginPage - LinkedIn Login Successful
[INFO ] 2024-02-18 23:01:25.098 [main] LoginPage - Login with user: Surabhi Jaiswal successful
[INFO ] 2024-02-18 23:01:28.400 [main] JobApplicationSettingsPage - Application Settings Page Navigation Successful
[INFO ] 2024-02-18 23:01:31.483 [main] JobApplicationSettingsPage - Resume upload Successful
[INFO ] 2024-02-18 23:01:37.627 [main] JobApplicationSettingsPage - Resume upload Successful
[INFO ] 2024-02-18 23:02:12.094 [main] JobApplicationSettingsPage - Resume upload Successful
[INFO ] 2024-02-18 23:02:18.205 [main] JobApplicationSettingsPage - Resume upload Successful
